app/build/intermediates/manifest_merge_blame_file/debug/manifest-merger-blame-debug-report.txt
1<?xml version="1.0" encoding="utf-8"?>
2<manifest xmlns:android="http://schemas.android.com/apk/res/android"
3    package="com.nyp.sit.aws.project.onlyplants"
4    android:versionCode="1"
5    android:versionName="1.0" >
6
7    <uses-sdk
8        android:minSdkVersion="27"
8-->src/main/AndroidManifest.xml
9        android:targetSdkVersion="31" />
9-->src/main/AndroidManifest.xml
10
11    <uses-permission android:name="android.permission.INTERNET" />
11-->src/main/AndroidManifest.xml:5:5-67
11-->src/main/AndroidManifest.xml:5:22-64
12    <uses-permission android:name="android.permission.ACCESS_NETWORK_STATE" />
12-->src/main/AndroidManifest.xml:6:5-79
12-->src/main/AndroidManifest.xml:6:22-76
13    <uses-permission android:name="android.permission.CAMERA" />
13-->src/main/AndroidManifest.xml:7:5-65
13-->src/main/AndroidManifest.xml:7:22-62
14
15    <uses-feature
15-->[org.maplibre.gl:android-sdk:9.5.2] AndroidManifest.xml:9:5-11:35
16        android:glEsVersion="0x00020000"
16-->[org.maplibre.gl:android-sdk:9.5.2] AndroidManifest.xml:10:9-41
17        android:required="true" />
17-->[org.maplibre.gl:android-sdk:9.5.2] AndroidManifest.xml:11:9-32
18    <uses-feature
18-->[org.maplibre.gl:android-sdk:9.5.2] AndroidManifest.xml:12:5-14:36
19        android:name="android.hardware.wifi"
19-->[org.maplibre.gl:android-sdk:9.5.2] AndroidManifest.xml:13:9-45
20        android:required="false" />
20-->[org.maplibre.gl:android-sdk:9.5.2] AndroidManifest.xml:14:9-33
21
22    <uses-permission android:name="android.permission.ACCESS_WIFI_STATE" />
22-->[org.maplibre.gl:android-sdk:9.5.2] AndroidManifest.xml:18:5-76
22-->[org.maplibre.gl:android-sdk:9.5.2] AndroidManifest.xml:18:22-73
23    <uses-permission android:name="android.permission.ACCESS_FINE_LOCATION" />
23-->[org.maplibre.gl:android-sdk:9.5.2] AndroidManifest.xml:19:5-79
23-->[org.maplibre.gl:android-sdk:9.5.2] AndroidManifest.xml:19:22-76
24    <uses-permission android:name="android.permission.POST_NOTIFICATIONS" />
24-->[com.google.firebase:firebase-messaging:23.1.1] AndroidManifest.xml:25:5-77
24-->[com.google.firebase:firebase-messaging:23.1.1] AndroidManifest.xml:25:22-74
25    <uses-permission android:name="android.permission.WAKE_LOCK" /> <!-- Required by older versions of Google Play services to create IID tokens -->
25-->[com.google.firebase:firebase-messaging:23.1.1] AndroidManifest.xml:26:5-68
25-->[com.google.firebase:firebase-messaging:23.1.1] AndroidManifest.xml:26:22-65
26    <uses-permission android:name="com.google.android.c2dm.permission.RECEIVE" />
26-->[com.google.firebase:firebase-messaging:23.1.1] AndroidManifest.xml:28:5-82
26-->[com.google.firebase:firebase-messaging:23.1.1] AndroidManifest.xml:28:22-79
27    <uses-permission android:name="com.google.android.gms.permission.AD_ID" />
27-->[com.google.android.gms:play-services-measurement-api:21.2.0] AndroidManifest.xml:25:5-79
27-->[com.google.android.gms:play-services-measurement-api:21.2.0] AndroidManifest.xml:25:22-76
28    <uses-permission android:name="com.google.android.finsky.permission.BIND_GET_INSTALL_REFERRER_SERVICE" /> <!-- Permission will be merged into the manifest of the hosting app. -->
28-->[com.google.android.gms:play-services-measurement:21.2.0] AndroidManifest.xml:26:5-110
28-->[com.google.android.gms:play-services-measurement:21.2.0] AndroidManifest.xml:26:22-107
29    <!-- Is required to launch foreground extraction service for targetSdkVersion 28+. -->
30    <uses-permission android:name="android.permission.FOREGROUND_SERVICE" />
30-->[com.google.android.play:core:1.9.1] AndroidManifest.xml:8:3-74
30-->[com.google.android.play:core:1.9.1] AndroidManifest.xml:8:20-72
31
32    <application
32-->src/main/AndroidManifest.xml:9:5-104:19
33        android:allowBackup="true"
33-->src/main/AndroidManifest.xml:10:9-35
34        android:appComponentFactory="androidx.core.app.CoreComponentFactory"
34-->[androidx.core:core:1.7.0] AndroidManifest.xml:24:18-86
35        android:debuggable="true"
36        android:extractNativeLibs="false"
37        android:icon="@mipmap/ic_launcher"
37-->src/main/AndroidManifest.xml:11:9-43
38        android:label="@string/app_name"
38-->src/main/AndroidManifest.xml:12:9-41
39        android:roundIcon="@mipmap/ic_launcher_round"
39-->src/main/AndroidManifest.xml:13:9-54
40        android:supportsRtl="true"
40-->src/main/AndroidManifest.xml:14:9-35
41        android:testOnly="true"
42        android:theme="@style/Theme.OnlyPlants" >
42-->src/main/AndroidManifest.xml:15:9-48
43        <activity
43-->src/main/AndroidManifest.xml:16:9-18:39
44            android:name="com.nyp.sit.aws.project.onlyplants.View.PlantInformation.PlantSearch"
44-->src/main/AndroidManifest.xml:17:13-62
45            android:exported="true" />
45-->src/main/AndroidManifest.xml:18:13-36
46        <activity
46-->src/main/AndroidManifest.xml:19:9-25:20
47            android:name="com.nyp.sit.aws.project.onlyplants.WikiApiService"
47-->src/main/AndroidManifest.xml:20:13-43
48            android:exported="true" >
48-->src/main/AndroidManifest.xml:21:13-36
49            <meta-data
49-->src/main/AndroidManifest.xml:22:13-24:36
50                android:name="android.app.lib_name"
50-->src/main/AndroidManifest.xml:23:17-52
51                android:value="" />
51-->src/main/AndroidManifest.xml:24:17-33
52        </activity>
53        <activity
53-->src/main/AndroidManifest.xml:26:9-32:20
54            android:name="com.nyp.sit.aws.project.onlyplants.View.LocationActivity"
54-->src/main/AndroidManifest.xml:27:13-50
55            android:exported="true" >
55-->src/main/AndroidManifest.xml:28:13-36
56            <meta-data
56-->src/main/AndroidManifest.xml:22:13-24:36
57                android:name="android.app.lib_name"
57-->src/main/AndroidManifest.xml:23:17-52
58                android:value="" />
58-->src/main/AndroidManifest.xml:24:17-33
59        </activity>
60        <activity
60-->src/main/AndroidManifest.xml:33:9-41:20
61            android:name="com.nyp.sit.aws.project.onlyplants.MainActivity"
61-->src/main/AndroidManifest.xml:34:13-41
62            android:exported="true" >
62-->src/main/AndroidManifest.xml:35:13-36
63            <intent-filter>
63-->src/main/AndroidManifest.xml:36:13-40:29
64                <action android:name="android.intent.action.MAIN" />
64-->src/main/AndroidManifest.xml:37:17-69
64-->src/main/AndroidManifest.xml:37:25-66
65
66                <category android:name="android.intent.category.LAUNCHER" />
66-->src/main/AndroidManifest.xml:39:17-77
66-->src/main/AndroidManifest.xml:39:27-74
67            </intent-filter>
68        </activity>
69        <activity
69-->src/main/AndroidManifest.xml:42:9-44:39
70            android:name="com.nyp.sit.aws.project.onlyplants.View.LanguageTranslate.LanguageTranslateActivity"
70-->src/main/AndroidManifest.xml:43:13-77
71            android:exported="true" />
71-->src/main/AndroidManifest.xml:44:13-36
72        <activity
72-->src/main/AndroidManifest.xml:45:9-53:20
73            android:name="com.nyp.sit.aws.project.onlyplants.View.PlantIdentifier.PlantIdentifierActivity"
73-->src/main/AndroidManifest.xml:46:13-73
74            android:exported="true" >
74-->src/main/AndroidManifest.xml:47:13-36
75            <intent-filter>
75-->src/main/AndroidManifest.xml:36:13-40:29
76                <action android:name="android.intent.action.MAIN" />
76-->src/main/AndroidManifest.xml:37:17-69
76-->src/main/AndroidManifest.xml:37:25-66
77
78                <category android:name="android.intent.category.LAUNCHER" />
78-->src/main/AndroidManifest.xml:39:17-77
78-->src/main/AndroidManifest.xml:39:27-74
79            </intent-filter>
80        </activity>
81        <activity
81-->src/main/AndroidManifest.xml:54:9-56:39
82            android:name="com.nyp.sit.aws.project.onlyplants.View.PlantInformation.PlantInformationActivity"
82-->src/main/AndroidManifest.xml:55:13-75
83            android:exported="true" />
83-->src/main/AndroidManifest.xml:56:13-36
84        <activity
84-->src/main/AndroidManifest.xml:57:9-61:20
85            android:name="com.nyp.sit.aws.project.onlyplants.Home"
85-->src/main/AndroidManifest.xml:58:13-33
86            android:exported="true" >
86-->src/main/AndroidManifest.xml:59:13-36
87        </activity>
88        <activity
88-->src/main/AndroidManifest.xml:62:9-65:20
89            android:name="com.nyp.sit.aws.project.onlyplants.AddPost"
89-->src/main/AndroidManifest.xml:63:13-36
90            android:exported="true" >
90-->src/main/AndroidManifest.xml:64:13-36
91        </activity>
92        <activity
92-->src/main/AndroidManifest.xml:66:9-69:20
93            android:name="com.nyp.sit.aws.project.onlyplants.Post"
93-->src/main/AndroidManifest.xml:67:13-33
94            android:exported="true" >
94-->src/main/AndroidManifest.xml:68:13-36
95        </activity>
96        <activity
96-->src/main/AndroidManifest.xml:70:9-76:20
97            android:name="com.nyp.sit.aws.project.onlyplants.DeleteReminderActivity"
97-->src/main/AndroidManifest.xml:71:13-51
98            android:exported="true" >
98-->src/main/AndroidManifest.xml:72:13-36
99            <meta-data
99-->src/main/AndroidManifest.xml:22:13-24:36
100                android:name="android.app.lib_name"
100-->src/main/AndroidManifest.xml:23:17-52
101                android:value="" />
101-->src/main/AndroidManifest.xml:24:17-33
102        </activity>
103        <activity
103-->src/main/AndroidManifest.xml:77:9-83:20
104            android:name="com.nyp.sit.aws.project.onlyplants.ListRemindersActivity"
104-->src/main/AndroidManifest.xml:78:13-50
105            android:exported="true" >
105-->src/main/AndroidManifest.xml:79:13-36
106            <meta-data
106-->src/main/AndroidManifest.xml:22:13-24:36
107                android:name="android.app.lib_name"
107-->src/main/AndroidManifest.xml:23:17-52
108                android:value="" />
108-->src/main/AndroidManifest.xml:24:17-33
109        </activity>
110
111        <service
111-->src/main/AndroidManifest.xml:85:9-91:19
112            android:name="com.nyp.sit.aws.project.onlyplants.Model.myFirebaseMessagingService"
112-->src/main/AndroidManifest.xml:86:13-61
113            android:exported="true" >
113-->src/main/AndroidManifest.xml:87:13-36
114            <intent-filter>
114-->src/main/AndroidManifest.xml:88:13-90:29
115                <action android:name="com.google.firebase.MESSAGING_EVENT" />
115-->src/main/AndroidManifest.xml:89:17-78
115-->src/main/AndroidManifest.xml:89:25-75
116            </intent-filter>
117        </service>
118
119        <activity
119-->src/main/AndroidManifest.xml:93:9-99:20
120            android:name="com.nyp.sit.aws.project.onlyplants.ReminderFormActivity"
120-->src/main/AndroidManifest.xml:94:13-49
121            android:exported="true" >
121-->src/main/AndroidManifest.xml:95:13-36
122            <meta-data
122-->src/main/AndroidManifest.xml:22:13-24:36
123                android:name="android.app.lib_name"
123-->src/main/AndroidManifest.xml:23:17-52
124                android:value="" />
124-->src/main/AndroidManifest.xml:24:17-33
125        </activity>
126        <activity
126-->src/main/AndroidManifest.xml:100:9-102:39
127            android:name="com.nyp.sit.aws.project.onlyplants.STTActivity"
127-->src/main/AndroidManifest.xml:101:13-40
128            android:exported="true" />
128-->src/main/AndroidManifest.xml:102:13-36
129
130        <service
130-->[com.google.firebase:firebase-analytics-ktx:21.2.0] AndroidManifest.xml:8:9-14:19
131            android:name="com.google.firebase.components.ComponentDiscoveryService"
131-->[com.google.firebase:firebase-analytics-ktx:21.2.0] AndroidManifest.xml:9:13-84
132            android:directBootAware="true"
132-->[com.google.firebase:firebase-common:20.3.0] AndroidManifest.xml:34:13-43
133            android:exported="false" >
133-->[com.google.firebase:firebase-analytics-ktx:21.2.0] AndroidManifest.xml:10:13-37
134            <meta-data
134-->[com.google.firebase:firebase-analytics-ktx:21.2.0] AndroidManifest.xml:11:13-13:85
135                android:name="com.google.firebase.components:com.google.firebase.analytics.ktx.FirebaseAnalyticsKtxRegistrar"
135-->[com.google.firebase:firebase-analytics-ktx:21.2.0] AndroidManifest.xml:12:17-126
136                android:value="com.google.firebase.components.ComponentRegistrar" />
136-->[com.google.firebase:firebase-analytics-ktx:21.2.0] AndroidManifest.xml:13:17-82
137            <meta-data
137-->[com.google.firebase:firebase-messaging-ktx:23.1.1] AndroidManifest.xml:28:13-30:85
138                android:name="com.google.firebase.components:com.google.firebase.messaging.ktx.FirebaseMessagingKtxRegistrar"
138-->[com.google.firebase:firebase-messaging-ktx:23.1.1] AndroidManifest.xml:29:17-126
139                android:value="com.google.firebase.components.ComponentRegistrar" />
139-->[com.google.firebase:firebase-messaging-ktx:23.1.1] AndroidManifest.xml:30:17-82
140            <meta-data
140-->[com.google.firebase:firebase-common-ktx:20.3.0] AndroidManifest.xml:14:13-16:85
141                android:name="com.google.firebase.components:com.google.firebase.ktx.FirebaseCommonKtxRegistrar"
141-->[com.google.firebase:firebase-common-ktx:20.3.0] AndroidManifest.xml:15:17-113
142                android:value="com.google.firebase.components.ComponentRegistrar" />
142-->[com.google.firebase:firebase-common-ktx:20.3.0] AndroidManifest.xml:16:17-82
143            <meta-data
143-->[com.google.firebase:firebase-messaging:23.1.1] AndroidManifest.xml:55:13-57:85
144                android:name="com.google.firebase.components:com.google.firebase.messaging.FirebaseMessagingRegistrar"
144-->[com.google.firebase:firebase-messaging:23.1.1] AndroidManifest.xml:56:17-119
145                android:value="com.google.firebase.components.ComponentRegistrar" />
145-->[com.google.firebase:firebase-messaging:23.1.1] AndroidManifest.xml:57:17-82
146            <meta-data
146-->[com.google.firebase:firebase-datatransport:18.1.7] AndroidManifest.xml:27:13-29:85
147                android:name="com.google.firebase.components:com.google.firebase.datatransport.TransportRegistrar"
147-->[com.google.firebase:firebase-datatransport:18.1.7] AndroidManifest.xml:28:17-115
148                android:value="com.google.firebase.components.ComponentRegistrar" />
148-->[com.google.firebase:firebase-datatransport:18.1.7] AndroidManifest.xml:29:17-82
149            <meta-data
149-->[com.google.android.gms:play-services-measurement-api:21.2.0] AndroidManifest.xml:31:13-33:85
150                android:name="com.google.firebase.components:com.google.firebase.analytics.connector.internal.AnalyticsConnectorRegistrar"
150-->[com.google.android.gms:play-services-measurement-api:21.2.0] AndroidManifest.xml:32:17-139
151                android:value="com.google.firebase.components.ComponentRegistrar" />
151-->[com.google.android.gms:play-services-measurement-api:21.2.0] AndroidManifest.xml:33:17-82
152            <meta-data
152-->[com.google.firebase:firebase-installations:17.1.0] AndroidManifest.xml:17:13-19:85
153                android:name="com.google.firebase.components:com.google.firebase.installations.FirebaseInstallationsRegistrar"
153-->[com.google.firebase:firebase-installations:17.1.0] AndroidManifest.xml:18:17-127
154                android:value="com.google.firebase.components.ComponentRegistrar" />
154-->[com.google.firebase:firebase-installations:17.1.0] AndroidManifest.xml:19:17-82
155        </service>
156
157        <activity
157-->[com.amplifyframework:core:1.31.3] AndroidManifest.xml:27:9-29:54
158            android:name="com.amplifyframework.devmenu.DeveloperMenuActivity"
158-->[com.amplifyframework:core:1.31.3] AndroidManifest.xml:28:13-78
159            android:theme="@style/OverlayActivity" />
159-->[com.amplifyframework:core:1.31.3] AndroidManifest.xml:29:13-51
160
161        <provider
161-->[com.squareup.picasso:picasso:2.71828] AndroidManifest.xml:8:9-11:40
162            android:name="com.squareup.picasso.PicassoProvider"
162-->[com.squareup.picasso:picasso:2.71828] AndroidManifest.xml:9:13-64
163            android:authorities="com.nyp.sit.aws.project.onlyplants.com.squareup.picasso"
163-->[com.squareup.picasso:picasso:2.71828] AndroidManifest.xml:10:13-72
164            android:exported="false" />
164-->[com.squareup.picasso:picasso:2.71828] AndroidManifest.xml:11:13-37
165
166        <receiver
166-->[com.google.firebase:firebase-messaging:23.1.1] AndroidManifest.xml:31:9-38:20
167            android:name="com.google.firebase.iid.FirebaseInstanceIdReceiver"
167-->[com.google.firebase:firebase-messaging:23.1.1] AndroidManifest.xml:32:13-78
168            android:exported="true"
168-->[com.google.firebase:firebase-messaging:23.1.1] AndroidManifest.xml:33:13-36
169            android:permission="com.google.android.c2dm.permission.SEND" >
169-->[com.google.firebase:firebase-messaging:23.1.1] AndroidManifest.xml:34:13-73
170            <intent-filter>
170-->[com.google.firebase:firebase-messaging:23.1.1] AndroidManifest.xml:35:13-37:29
171                <action android:name="com.google.android.c2dm.intent.RECEIVE" />
171-->[com.google.firebase:firebase-messaging:23.1.1] AndroidManifest.xml:36:17-81
171-->[com.google.firebase:firebase-messaging:23.1.1] AndroidManifest.xml:36:25-78
172            </intent-filter>
173        </receiver>
174        <!--
175             FirebaseMessagingService performs security checks at runtime,
176             but set to not exported to explicitly avoid allowing another app to call it.
177        -->
178        <service
178-->[com.google.firebase:firebase-messaging:23.1.1] AndroidManifest.xml:44:9-51:19
179            android:name="com.google.firebase.messaging.FirebaseMessagingService"
179-->[com.google.firebase:firebase-messaging:23.1.1] AndroidManifest.xml:45:13-82
180            android:directBootAware="true"
180-->[com.google.firebase:firebase-messaging:23.1.1] AndroidManifest.xml:46:13-43
181            android:exported="false" >
181-->[com.google.firebase:firebase-messaging:23.1.1] AndroidManifest.xml:47:13-37
182            <intent-filter android:priority="-500" >
182-->src/main/AndroidManifest.xml:88:13-90:29
183                <action android:name="com.google.firebase.MESSAGING_EVENT" />
183-->src/main/AndroidManifest.xml:89:17-78
183-->src/main/AndroidManifest.xml:89:25-75
184            </intent-filter>
185        </service>
186        <service
186-->[com.google.android.datatransport:transport-backend-cct:3.1.8] AndroidManifest.xml:28:9-34:19
187            android:name="com.google.android.datatransport.runtime.backends.TransportBackendDiscovery"
187-->[com.google.android.datatransport:transport-backend-cct:3.1.8] AndroidManifest.xml:29:13-103
188            android:exported="false" >
188-->[com.google.android.datatransport:transport-backend-cct:3.1.8] AndroidManifest.xml:30:13-37
189            <meta-data
189-->[com.google.android.datatransport:transport-backend-cct:3.1.8] AndroidManifest.xml:31:13-33:39
190                android:name="backend:com.google.android.datatransport.cct.CctBackendFactory"
190-->[com.google.android.datatransport:transport-backend-cct:3.1.8] AndroidManifest.xml:32:17-94
191                android:value="cct" />
191-->[com.google.android.datatransport:transport-backend-cct:3.1.8] AndroidManifest.xml:33:17-36
192        </service>
193        <service
193-->[com.google.android.datatransport:transport-runtime:3.1.8] AndroidManifest.xml:26:9-30:19
194            android:name="com.google.android.datatransport.runtime.scheduling.jobscheduling.JobInfoSchedulerService"
194-->[com.google.android.datatransport:transport-runtime:3.1.8] AndroidManifest.xml:27:13-117
195            android:exported="false"
195-->[com.google.android.datatransport:transport-runtime:3.1.8] AndroidManifest.xml:28:13-37
196            android:permission="android.permission.BIND_JOB_SERVICE" >
196-->[com.google.android.datatransport:transport-runtime:3.1.8] AndroidManifest.xml:29:13-69
197        </service>
198
199        <receiver
199-->[com.google.android.datatransport:transport-runtime:3.1.8] AndroidManifest.xml:32:9-34:40
200            android:name="com.google.android.datatransport.runtime.scheduling.jobscheduling.AlarmManagerSchedulerBroadcastReceiver"
200-->[com.google.android.datatransport:transport-runtime:3.1.8] AndroidManifest.xml:33:13-132
201            android:exported="false" />
201-->[com.google.android.datatransport:transport-runtime:3.1.8] AndroidManifest.xml:34:13-37
202
203        <provider
203-->[com.google.firebase:firebase-common:20.3.0] AndroidManifest.xml:25:9-30:39
204            android:name="com.google.firebase.provider.FirebaseInitProvider"
204-->[com.google.firebase:firebase-common:20.3.0] AndroidManifest.xml:26:13-77
205            android:authorities="com.nyp.sit.aws.project.onlyplants.firebaseinitprovider"
205-->[com.google.firebase:firebase-common:20.3.0] AndroidManifest.xml:27:13-72
206            android:directBootAware="true"
206-->[com.google.firebase:firebase-common:20.3.0] AndroidManifest.xml:28:13-43
207            android:exported="false"
207-->[com.google.firebase:firebase-common:20.3.0] AndroidManifest.xml:29:13-37
208            android:initOrder="100" />
208-->[com.google.firebase:firebase-common:20.3.0] AndroidManifest.xml:30:13-36
209
210        <service
210-->[com.amazonaws:aws-android-sdk-location:2.37.1] AndroidManifest.xml:13:9-17:56
211            android:name="com.amazonaws.mobileconnectors.geo.tracker.TrackingService"
211-->[com.amazonaws:aws-android-sdk-location:2.37.1] AndroidManifest.xml:14:13-86
212            android:enabled="true"
212-->[com.amazonaws:aws-android-sdk-location:2.37.1] AndroidManifest.xml:15:13-35
213            android:exported="true"
213-->[com.amazonaws:aws-android-sdk-location:2.37.1] AndroidManifest.xml:16:13-36
214            android:foregroundServiceType="location" />
214-->[com.amazonaws:aws-android-sdk-location:2.37.1] AndroidManifest.xml:17:13-53
215
216        <receiver
216-->[com.google.android.gms:play-services-measurement:21.2.0] AndroidManifest.xml:29:9-33:20
217            android:name="com.google.android.gms.measurement.AppMeasurementReceiver"
217-->[com.google.android.gms:play-services-measurement:21.2.0] AndroidManifest.xml:30:13-85
218            android:enabled="true"
218-->[com.google.android.gms:play-services-measurement:21.2.0] AndroidManifest.xml:31:13-35
219            android:exported="false" >
219-->[com.google.android.gms:play-services-measurement:21.2.0] AndroidManifest.xml:32:13-37
220        </receiver>
221
222        <service
222-->[com.google.android.gms:play-services-measurement:21.2.0] AndroidManifest.xml:35:9-38:40
223            android:name="com.google.android.gms.measurement.AppMeasurementService"
223-->[com.google.android.gms:play-services-measurement:21.2.0] AndroidManifest.xml:36:13-84
224            android:enabled="true"
224-->[com.google.android.gms:play-services-measurement:21.2.0] AndroidManifest.xml:37:13-35
225            android:exported="false" />
225-->[com.google.android.gms:play-services-measurement:21.2.0] AndroidManifest.xml:38:13-37
226        <service
226-->[com.google.android.gms:play-services-measurement:21.2.0] AndroidManifest.xml:39:9-43:72
227            android:name="com.google.android.gms.measurement.AppMeasurementJobService"
227-->[com.google.android.gms:play-services-measurement:21.2.0] AndroidManifest.xml:40:13-87
228            android:enabled="true"
228-->[com.google.android.gms:play-services-measurement:21.2.0] AndroidManifest.xml:41:13-35
229            android:exported="false"
229-->[com.google.android.gms:play-services-measurement:21.2.0] AndroidManifest.xml:42:13-37
230            android:permission="android.permission.BIND_JOB_SERVICE" />
230-->[com.google.android.gms:play-services-measurement:21.2.0] AndroidManifest.xml:43:13-69
231
232        <activity
232-->[com.google.android.gms:play-services-base:18.0.1] AndroidManifest.xml:20:9-22:45
233            android:name="com.google.android.gms.common.api.GoogleApiActivity"
233-->[com.google.android.gms:play-services-base:18.0.1] AndroidManifest.xml:20:19-85
234            android:exported="false"
234-->[com.google.android.gms:play-services-base:18.0.1] AndroidManifest.xml:22:19-43
235            android:theme="@android:style/Theme.Translucent.NoTitleBar" />
235-->[com.google.android.gms:play-services-base:18.0.1] AndroidManifest.xml:21:19-78
236
237        <meta-data
237-->[com.google.android.gms:play-services-basement:18.1.0] AndroidManifest.xml:21:9-23:69
238            android:name="com.google.android.gms.version"
238-->[com.google.android.gms:play-services-basement:18.1.0] AndroidManifest.xml:22:13-58
239            android:value="@integer/google_play_services_version" />
239-->[com.google.android.gms:play-services-basement:18.1.0] AndroidManifest.xml:23:13-66
240
241        <provider
241-->[androidx.emoji2:emoji2:1.0.0] AndroidManifest.xml:26:9-34:20
242            android:name="androidx.startup.InitializationProvider"
242-->[androidx.emoji2:emoji2:1.0.0] AndroidManifest.xml:27:13-67
243            android:authorities="com.nyp.sit.aws.project.onlyplants.androidx-startup"
243-->[androidx.emoji2:emoji2:1.0.0] AndroidManifest.xml:28:13-68
244            android:exported="false" >
244-->[androidx.emoji2:emoji2:1.0.0] AndroidManifest.xml:29:13-37
245            <meta-data
245-->[androidx.emoji2:emoji2:1.0.0] AndroidManifest.xml:31:13-33:52
246                android:name="androidx.emoji2.text.EmojiCompatInitializer"
246-->[androidx.emoji2:emoji2:1.0.0] AndroidManifest.xml:32:17-75
247                android:value="androidx.startup" />
247-->[androidx.emoji2:emoji2:1.0.0] AndroidManifest.xml:33:17-49
248            <meta-data
248-->[androidx.lifecycle:lifecycle-process:2.4.0] AndroidManifest.xml:31:13-33:52
249                android:name="androidx.lifecycle.ProcessLifecycleInitializer"
249-->[androidx.lifecycle:lifecycle-process:2.4.0] AndroidManifest.xml:32:17-78
250                android:value="androidx.startup" />
250-->[androidx.lifecycle:lifecycle-process:2.4.0] AndroidManifest.xml:33:17-49
251        </provider>
252
253        <activity
253-->[com.amazonaws:aws-android-sdk-cognitoauth:2.40.0] AndroidManifest.xml:12:9-16:75
254            android:name="com.amazonaws.mobileconnectors.cognitoauth.activities.CustomTabsManagerActivity"
254-->[com.amazonaws:aws-android-sdk-cognitoauth:2.40.0] AndroidManifest.xml:13:13-107
255            android:exported="false"
255-->[com.amazonaws:aws-android-sdk-cognitoauth:2.40.0] AndroidManifest.xml:14:13-37
256            android:launchMode="singleTask"
256-->[com.amazonaws:aws-android-sdk-cognitoauth:2.40.0] AndroidManifest.xml:15:13-44
257            android:theme="@android:style/Theme.Translucent.NoTitleBar" />
257-->[com.amazonaws:aws-android-sdk-cognitoauth:2.40.0] AndroidManifest.xml:16:13-72
258
259        <uses-library
259-->[com.amazonaws:aws-android-sdk-core:2.40.0] AndroidManifest.xml:11:9-13:40
260            android:name="org.apache.http.legacy"
260-->[com.amazonaws:aws-android-sdk-core:2.40.0] AndroidManifest.xml:12:13-50
261            android:required="false" /> <!-- The activities will be merged into the manifest of the hosting app. -->
261-->[com.amazonaws:aws-android-sdk-core:2.40.0] AndroidManifest.xml:13:13-37
262        <activity
262-->[com.google.android.play:core:1.9.1] AndroidManifest.xml:12:5-271
263            android:name="com.google.android.play.core.missingsplits.PlayCoreMissingSplitsActivity"
263-->[com.google.android.play:core:1.9.1] AndroidManifest.xml:12:15-102
264            android:enabled="false"
264-->[com.google.android.play:core:1.9.1] AndroidManifest.xml:12:103-126
265            android:exported="false"
265-->[com.google.android.play:core:1.9.1] AndroidManifest.xml:12:127-151
266            android:launchMode="singleInstance"
266-->[com.google.android.play:core:1.9.1] AndroidManifest.xml:12:204-239
267            android:process=":playcore_missing_splits_activity"
267-->[com.google.android.play:core:1.9.1] AndroidManifest.xml:12:152-203
268            android:stateNotNeeded="true" />
268-->[com.google.android.play:core:1.9.1] AndroidManifest.xml:12:240-269
269        <activity
269-->[com.google.android.play:core:1.9.1] AndroidManifest.xml:13:5-226
270            android:name="com.google.android.play.core.common.PlayCoreDialogWrapperActivity"
270-->[com.google.android.play:core:1.9.1] AndroidManifest.xml:13:15-95
271            android:enabled="false"
271-->[com.google.android.play:core:1.9.1] AndroidManifest.xml:13:96-119
272            android:exported="false"
272-->[com.google.android.play:core:1.9.1] AndroidManifest.xml:13:120-144
273            android:stateNotNeeded="true"
273-->[com.google.android.play:core:1.9.1] AndroidManifest.xml:13:145-174
274            android:theme="@style/Theme.PlayCore.Transparent" /> <!-- The services will be merged into the manifest of the hosting app. -->
274-->[com.google.android.play:core:1.9.1] AndroidManifest.xml:13:175-224
275        <service
275-->[com.google.android.play:core:1.9.1] AndroidManifest.xml:16:5-18:15
276            android:name="com.google.android.play.core.assetpacks.AssetPackExtractionService"
276-->[com.google.android.play:core:1.9.1] AndroidManifest.xml:16:14-95
277            android:enabled="false"
277-->[com.google.android.play:core:1.9.1] AndroidManifest.xml:16:96-119
278            android:exported="true" >
278-->[com.google.android.play:core:1.9.1] AndroidManifest.xml:16:120-143
279            <meta-data
279-->[com.google.android.play:core:1.9.1] AndroidManifest.xml:17:7-108
280                android:name="com.google.android.play.core.assetpacks.versionCode"
280-->[com.google.android.play:core:1.9.1] AndroidManifest.xml:17:18-84
281                android:value="10901" />
281-->[com.google.android.play:core:1.9.1] AndroidManifest.xml:17:85-106
282        </service>
283        <service